<?xml version="1.0" encoding="UTF-8"?>
<!-- Generated by org.testng.reporters.JUnitXMLReporter -->
<testsuite hostname="LAPTOP-7Q9SCHV8" ignored="4" name="VWCRM App Test Cases" tests="1" failures="0" timestamp="13 Sep 2018 07:17:42 GMT" time="82.593" errors="0">
  <testcase name="prodGrpMechanicalTest" time="44.877" classname="com.vwcrm.qa.testcases.TopPartsProdGrpTest"/>
  <testcase name="prodGrpChemicalsTest" time="0.0" classname="com.vwcrm.qa.testcases.TopPartsProdGrpTest">
    <ignored/>
  </testcase> <!-- prodGrpChemicalsTest -->
  <testcase name="prodGrpCollisionTest" time="0.0" classname="com.vwcrm.qa.testcases.TopPartsProdGrpTest">
    <ignored/>
  </testcase> <!-- prodGrpCollisionTest -->
  <testcase name="prodGrpAccessoriesTest" time="0.0" classname="com.vwcrm.qa.testcases.TopPartsProdGrpTest">
    <ignored/>
  </testcase> <!-- prodGrpAccessoriesTest -->
  <testcase name="prodGrpAllTest" time="0.0" classname="com.vwcrm.qa.testcases.TopPartsProdGrpTest">
    <ignored/>
  </testcase> <!-- prodGrpAllTest -->
</testsuite> <!-- VWCRM App Test Cases -->
