<?xml version="1.0" encoding="UTF-8"?>
<!-- Generated by org.testng.reporters.JUnitXMLReporter -->
<testsuite hostname="LAPTOP-7Q9SCHV8" ignored="4" name="Default test" tests="1" failures="1" timestamp="30 Aug 2018 07:28:10 GMT" time="93.541" errors="0">
  <testcase name="prodGrpMechanicalTest" time="52.788" classname="com.vwcrm.qa.testcases.TopPartsProdGrpTest">
    <failure type="java.lang.NullPointerException">
      <![CDATA[java.lang.NullPointerException
at com.vwcrm.qa.testcases.TopPartsProdGrpTest.prodGrpMechanicalTest(TopPartsProdGrpTest.java:89)
at sun.reflect.NativeMethodAccessorImpl.invoke0(Native Method)
at sun.reflect.NativeMethodAccessorImpl.invoke(Unknown Source)
at sun.reflect.DelegatingMethodAccessorImpl.invoke(Unknown Source)
at java.lang.reflect.Method.invoke(Unknown Source)
at org.testng.internal.MethodInvocationHelper.invokeMethod(MethodInvocationHelper.java:124)
at org.testng.internal.Invoker.invokeMethod(Invoker.java:583)
at org.testng.internal.Invoker.invokeTestMethod(Invoker.java:719)
at org.testng.internal.Invoker.invokeTestMethods(Invoker.java:989)
at org.testng.internal.TestMethodWorker.invokeTestMethods(TestMethodWorker.java:125)
at org.testng.internal.TestMethodWorker.run(TestMethodWorker.java:109)
at org.testng.TestRunner.privateRun(TestRunner.java:648)
at org.testng.TestRunner.run(TestRunner.java:505)
at org.testng.SuiteRunner.runTest(SuiteRunner.java:455)
at org.testng.SuiteRunner.runSequentially(SuiteRunner.java:450)
at org.testng.SuiteRunner.privateRun(SuiteRunner.java:415)
at org.testng.SuiteRunner.run(SuiteRunner.java:364)
at org.testng.SuiteRunnerWorker.runSuite(SuiteRunnerWorker.java:52)
at org.testng.SuiteRunnerWorker.run(SuiteRunnerWorker.java:84)
at org.testng.TestNG.runSuitesSequentially(TestNG.java:1208)
at org.testng.TestNG.runSuitesLocally(TestNG.java:1137)
at org.testng.TestNG.runSuites(TestNG.java:1049)
at org.testng.TestNG.run(TestNG.java:1017)
at org.testng.remote.AbstractRemoteTestNG.run(AbstractRemoteTestNG.java:114)
at org.testng.remote.RemoteTestNG.initAndRun(RemoteTestNG.java:251)
at org.testng.remote.RemoteTestNG.main(RemoteTestNG.java:77)
]]>
    </failure>
  </testcase> <!-- prodGrpMechanicalTest -->
  <testcase name="prodGrpChemicalsTest" time="0.0" classname="com.vwcrm.qa.testcases.TopPartsProdGrpTest">
    <ignored/>
  </testcase> <!-- prodGrpChemicalsTest -->
  <testcase name="prodGrpCollisionTest" time="0.0" classname="com.vwcrm.qa.testcases.TopPartsProdGrpTest">
    <ignored/>
  </testcase> <!-- prodGrpCollisionTest -->
  <testcase name="prodGrpAccessoriesTest" time="0.0" classname="com.vwcrm.qa.testcases.TopPartsProdGrpTest">
    <ignored/>
  </testcase> <!-- prodGrpAccessoriesTest -->
  <testcase name="prodGrpAllTest" time="0.0" classname="com.vwcrm.qa.testcases.TopPartsProdGrpTest">
    <ignored/>
  </testcase> <!-- prodGrpAllTest -->
</testsuite> <!-- Default test -->
